14:00:35:402 [ALWAYS]	GUDE Logging Started
14:00:35:403 [INFO]	SqliteResumeCache::SqliteResumeCache basedirectory is null/empty
14:00:35:403 [ERROR]	SqliteResumeCache::CreateSqliteResumeCache creating resume cache pointer failure
14:00:35:403 [ERROR]	Initialize resume cache pointer failure
14:00:35:403 [INFO]	gude policy POLICY_USER limit (2,2,1) chunk 2097152, chunking (UL 0 DL 1), resXfer 1, adapt 0, NSURL 0, timeout 86400 
14:00:35:403 [INFO]	Initialized -- gude-lib version: v0.12.1 app: gude
14:00:40:673 [WARN]	Ignoring attempt to reinit logging to \gude at level 4 retaining 3 days of logs
14:00:40:674 [INFO]	SqliteResumeCache::SqliteResumeCache basedirectory is null/empty
14:00:40:674 [ERROR]	SqliteResumeCache::CreateSqliteResumeCache creating resume cache pointer failure
14:00:40:674 [ERROR]	Initialize resume cache pointer failure
14:00:40:674 [INFO]	gude policy POLICY_USER limit (4,4,1) chunk 2097152, chunking (UL 0 DL 1), resXfer 1, adapt 0, NSURL 1, timeout 86400 
14:00:40:674 [INFO]	Initialized -- gude-lib version: v0.12.1 app: gude
14:17:46:938 [ALWAYS]	GUDE Logging Started
14:17:46:938 [INFO]	SqliteResumeCache::SqliteResumeCache basedirectory is null/empty
14:17:46:938 [ERROR]	SqliteResumeCache::CreateSqliteResumeCache creating resume cache pointer failure
14:17:46:938 [ERROR]	Initialize resume cache pointer failure
14:17:46:938 [INFO]	gude policy POLICY_USER limit (2,2,1) chunk 2097152, chunking (UL 0 DL 1), resXfer 1, adapt 0, NSURL 0, timeout 86400 
14:17:46:938 [INFO]	Initialized -- gude-lib version: v0.12.1 app: gude
14:17:52:394 [WARN]	Ignoring attempt to reinit logging to \gude at level 4 retaining 3 days of logs
14:17:52:394 [INFO]	SqliteResumeCache::SqliteResumeCache basedirectory is null/empty
14:17:52:394 [ERROR]	SqliteResumeCache::CreateSqliteResumeCache creating resume cache pointer failure
14:17:52:394 [ERROR]	Initialize resume cache pointer failure
14:17:52:394 [INFO]	gude policy POLICY_USER limit (4,4,1) chunk 2097152, chunking (UL 0 DL 1), resXfer 1, adapt 0, NSURL 1, timeout 86400 
14:17:52:394 [INFO]	Initialized -- gude-lib version: v0.12.1 app: gude
